Arguments: 
  E:\ToolsSetup\NodeJs\node.exe C:\Users\17349\AppData\Roaming\npm\node_modules\yarn\bin\yarn.js add body-parser

PATH: 
  E:\ToolsSetup\jdk1.8.0_192\bin;E:\ToolsSetup\jdk1.8.0_192\jre\bin;C:\Program Files (x86)\Common Files\Oracle\Java\javapath;E:\ToolsSetup\VMware\bin\;E:\ToolsSetup\MySQL 8.0.26\setup\bin;C:\WINDOWS\system32;C:\WINDOWS;C:\WINDOWS\System32\Wbem;C:\WINDOWS\System32\WindowsPowerShell\v1.0\;C:\WINDOWS\System32\OpenSSH\;E:\ToolsSetup\XFtp7\;E:\ToolsSetup\XShell\;C:\Program Files\dotnet\;E:\ToolsSetup\NodeJs\node_global;E:\ToolsSetup\NodeJs\;E:\ToolsSetup\GO\bin;E:\ToolsSetup\Git\cmd;E:\Projects\GO\bin;E:\ToolsSetup\微信开发者工具\微信web开发者工具\dll;E:\ToolsSetup\Android\Sdk\platform-tools\;C:\Users\17349\AppData\Local\Microsoft\WindowsApps;E:\ToolsSetup\Visual Studio Code\bin;E:\ToolsSetup\NodeJs\node_global;C:\Users\17349\AppData\Roaming\npm;C:\Users\17349\.dotnet\tools;E:\ToolsSetup\Fiddler;C:\Users\17349\go\bin;E:\ToolsSetup\GoLand\bin;;E:\ToolsSetup\Pycharm\bin;;E:\ToolsSetup\CLion\bin;;E:\ToolsSetup\IDEA\bin;

Yarn version: 
  1.22.19

Node version: 
  16.14.2

Platform: 
  win32 x64

Trace: 
  Error: ENOENT: no such file or directory, copyfile 'C:\Users\17349\AppData\Local\Yarn\Cache\v6\npm-ms-2.1.3-574c8138ce1d2b5861f0b44579dbadd60c6615b2-integrity\node_modules\ms\index.js' -> 'E:\Projects\App\CarbonStore\CarbonStoreAPI\node_modules\@alicloud\pop-core\node_modules\ms\index.js'

npm manifest: 
  {
    "name": "carbonstoreapi",
    "version": "0.0.0",
    "private": true,
    "scripts": {
      "start": "nodemon bin/www.js"
    },
    "dependencies": {
      "@alicloud/sms-sdk": "^1.1.6",
      "cookie-parser": "~1.4.4",
      "cors": "^2.8.5",
      "debug": "~2.6.9",
      "express": "~4.16.1",
      "express-jwt": "^7.7.7",
      "http-errors": "~1.6.3",
      "jade": "~1.11.0",
      "jsonwebtoken": "^8.5.1",
      "morgan": "~1.9.1",
      "mysql": "^2.18.1",
      "nanoid": "^4.0.0",
      "nodemon": "^2.0.20"
    },
    "type": "module"
  }

yarn manifest: 
  No manifest

Lockfile: 
  No lockfile
